
2021-01-29 19:40:48 [main] ERROR com.epam.second.task.logic.RegexStringProcessor - start -1, end 0, length 2
java.lang.StringIndexOutOfBoundsException: start -1, end 0, length 2
	at java.lang.AbstractStringBuilder.checkRangeSIOOBE(AbstractStringBuilder.java:1813) ~[?:?]
	at java.lang.AbstractStringBuilder.replace(AbstractStringBuilder.java:1006) ~[?:?]
	at java.lang.StringBuilder.replace(StringBuilder.java:300) ~[?:?]
	at com.epam.second.task.logic.RegexStringProcessor.replaceSymbol(RegexStringProcessor.java:74) ~[classes/:?]
	at com.epam.second.task.logic.RegexStringProcessor.modifyWord(RegexStringProcessor.java:36) ~[classes/:?]
	at com.epam.second.task.logic.RegexStringProcessor.replaceLetterInWords(RegexStringProcessor.java:22) ~[classes/:?]
	at com.epam.second.task.logic.StringProcessorTest.testReplaceLetterInWordsShouldReplaceWhenPositionIsNegativeReplacementApplied(StringProcessorTest.java:56) ~[test-classes/:?]
	at jdk.internal.reflect.NativeMethodAccessorImpl.invoke0(Native Method) ~[?:?]
	at jdk.internal.reflect.NativeMethodAccessorImpl.invoke(NativeMethodAccessorImpl.java:62) ~[?:?]
	at jdk.internal.reflect.DelegatingMethodAccessorImpl.invoke(DelegatingMethodAccessorImpl.java:43) ~[?:?]
	at java.lang.reflect.Method.invoke(Method.java:567) ~[?:?]
	at org.testng.internal.MethodInvocationHelper.invokeMethod(MethodInvocationHelper.java:133) ~[testng-7.0.0.jar:?]
	at org.testng.internal.TestInvoker.invokeMethod(TestInvoker.java:584) ~[testng-7.0.0.jar:?]
	at org.testng.internal.TestInvoker.invokeTestMethod(TestInvoker.java:172) ~[testng-7.0.0.jar:?]
	at org.testng.internal.MethodRunner.runInSequence(MethodRunner.java:46) ~[testng-7.0.0.jar:?]
	at org.testng.internal.TestInvoker$MethodInvocationAgent.invoke(TestInvoker.java:804) ~[testng-7.0.0.jar:?]
	at org.testng.internal.TestInvoker.invokeTestMethods(TestInvoker.java:145) ~[testng-7.0.0.jar:?]
	at org.testng.internal.TestMethodWorker.invokeTestMethods(TestMethodWorker.java:146) ~[testng-7.0.0.jar:?]
	at org.testng.internal.TestMethodWorker.run(TestMethodWorker.java:128) ~[testng-7.0.0.jar:?]
	at java.util.ArrayList.forEach(ArrayList.java:1507) [?:?]
	at org.testng.TestRunner.privateRun(TestRunner.java:770) [testng-7.0.0.jar:?]
	at org.testng.TestRunner.run(TestRunner.java:591) [testng-7.0.0.jar:?]
	at org.testng.SuiteRunner.runTest(SuiteRunner.java:402) [testng-7.0.0.jar:?]
	at org.testng.SuiteRunner.runSequentially(SuiteRunner.java:396) [testng-7.0.0.jar:?]
	at org.testng.SuiteRunner.privateRun(SuiteRunner.java:355) [testng-7.0.0.jar:?]
	at org.testng.SuiteRunner.run(SuiteRunner.java:304) [testng-7.0.0.jar:?]
	at org.testng.SuiteRunnerWorker.runSuite(SuiteRunnerWorker.java:53) [testng-7.0.0.jar:?]
	at org.testng.SuiteRunnerWorker.run(SuiteRunnerWorker.java:96) [testng-7.0.0.jar:?]
	at org.testng.TestNG.runSuitesSequentially(TestNG.java:1180) [testng-7.0.0.jar:?]
	at org.testng.TestNG.runSuitesLocally(TestNG.java:1102) [testng-7.0.0.jar:?]
	at org.testng.TestNG.runSuites(TestNG.java:1032) [testng-7.0.0.jar:?]
	at org.testng.TestNG.run(TestNG.java:1000) [testng-7.0.0.jar:?]
	at com.intellij.rt.testng.IDEARemoteTestNG.run(IDEARemoteTestNG.java:66) [testng-rt.jar:?]
	at com.intellij.rt.testng.RemoteTestNGStarter.main(RemoteTestNGStarter.java:109) [testng-rt.jar:?]
2021-01-29 20:51:55 [main] ERROR com.epam.second.task.logic.CharArrayStringProcessor - Wrong position for replacing symbols
com.epam.second.task.logic.WrongSymbolPositionException: Wrong position for replacing symbols
	at com.epam.second.task.logic.CharArrayStringProcessor.checkPosition(CharArrayStringProcessor.java:30) ~[classes/:?]
	at com.epam.second.task.logic.CharArrayStringProcessor.replaceLetterInWords(CharArrayStringProcessor.java:13) ~[classes/:?]
	at com.epam.second.task.logic.StringProcessorTest.testReplaceLetterInWordsShouldReplaceWhenPositionIsNegativeReplacementApplied(StringProcessorTest.java:56) ~[test-classes/:?]
	at jdk.internal.reflect.NativeMethodAccessorImpl.invoke0(Native Method) ~[?:?]
	at jdk.internal.reflect.NativeMethodAccessorImpl.invoke(NativeMethodAccessorImpl.java:62) ~[?:?]
	at jdk.internal.reflect.DelegatingMethodAccessorImpl.invoke(DelegatingMethodAccessorImpl.java:43) ~[?:?]
	at java.lang.reflect.Method.invoke(Method.java:567) ~[?:?]
	at org.testng.internal.MethodInvocationHelper.invokeMethod(MethodInvocationHelper.java:133) ~[testng-7.0.0.jar:?]
	at org.testng.internal.TestInvoker.invokeMethod(TestInvoker.java:584) ~[testng-7.0.0.jar:?]
	at org.testng.internal.TestInvoker.invokeTestMethod(TestInvoker.java:172) ~[testng-7.0.0.jar:?]
	at org.testng.internal.MethodRunner.runInSequence(MethodRunner.java:46) ~[testng-7.0.0.jar:?]
	at org.testng.internal.TestInvoker$MethodInvocationAgent.invoke(TestInvoker.java:804) ~[testng-7.0.0.jar:?]
	at org.testng.internal.TestInvoker.invokeTestMethods(TestInvoker.java:145) ~[testng-7.0.0.jar:?]
	at org.testng.internal.TestMethodWorker.invokeTestMethods(TestMethodWorker.java:146) ~[testng-7.0.0.jar:?]
	at org.testng.internal.TestMethodWorker.run(TestMethodWorker.java:128) ~[testng-7.0.0.jar:?]
	at java.util.ArrayList.forEach(ArrayList.java:1507) [?:?]
	at org.testng.TestRunner.privateRun(TestRunner.java:770) [testng-7.0.0.jar:?]
	at org.testng.TestRunner.run(TestRunner.java:591) [testng-7.0.0.jar:?]
	at org.testng.SuiteRunner.runTest(SuiteRunner.java:402) [testng-7.0.0.jar:?]
	at org.testng.SuiteRunner.runSequentially(SuiteRunner.java:396) [testng-7.0.0.jar:?]
	at org.testng.SuiteRunner.privateRun(SuiteRunner.java:355) [testng-7.0.0.jar:?]
	at org.testng.SuiteRunner.run(SuiteRunner.java:304) [testng-7.0.0.jar:?]
	at org.testng.SuiteRunnerWorker.runSuite(SuiteRunnerWorker.java:53) [testng-7.0.0.jar:?]
	at org.testng.SuiteRunnerWorker.run(SuiteRunnerWorker.java:96) [testng-7.0.0.jar:?]
	at org.testng.TestNG.runSuitesSequentially(TestNG.java:1180) [testng-7.0.0.jar:?]
	at org.testng.TestNG.runSuitesLocally(TestNG.java:1102) [testng-7.0.0.jar:?]
	at org.testng.TestNG.runSuites(TestNG.java:1032) [testng-7.0.0.jar:?]
	at org.testng.TestNG.run(TestNG.java:1000) [testng-7.0.0.jar:?]
	at com.intellij.rt.testng.IDEARemoteTestNG.run(IDEARemoteTestNG.java:66) [testng-rt.jar:?]
	at com.intellij.rt.testng.RemoteTestNGStarter.main(RemoteTestNGStarter.java:109) [testng-rt.jar:?]
2021-01-29 20:54:29 [main] ERROR com.epam.second.task.logic.CharArrayStringProcessor - Wrong position for replacing symbols
com.epam.second.task.logic.WrongSymbolPositionException: Wrong position for replacing symbols
	at com.epam.second.task.logic.CharArrayStringProcessor.checkPosition(CharArrayStringProcessor.java:30) ~[classes/:?]
	at com.epam.second.task.logic.CharArrayStringProcessor.replaceLetterInWords(CharArrayStringProcessor.java:13) ~[classes/:?]
	at com.epam.second.task.logic.StringProcessorTest.testReplaceLetterInWordsShouldReplaceWhenPositionIsNegativeReplacementApplied(StringProcessorTest.java:56) ~[test-classes/:?]
	at jdk.internal.reflect.NativeMethodAccessorImpl.invoke0(Native Method) ~[?:?]
	at jdk.internal.reflect.NativeMethodAccessorImpl.invoke(NativeMethodAccessorImpl.java:62) ~[?:?]
	at jdk.internal.reflect.DelegatingMethodAccessorImpl.invoke(DelegatingMethodAccessorImpl.java:43) ~[?:?]
	at java.lang.reflect.Method.invoke(Method.java:567) ~[?:?]
	at org.testng.internal.MethodInvocationHelper.invokeMethod(MethodInvocationHelper.java:133) ~[testng-7.0.0.jar:?]
	at org.testng.internal.TestInvoker.invokeMethod(TestInvoker.java:584) ~[testng-7.0.0.jar:?]
	at org.testng.internal.TestInvoker.invokeTestMethod(TestInvoker.java:172) ~[testng-7.0.0.jar:?]
	at org.testng.internal.MethodRunner.runInSequence(MethodRunner.java:46) ~[testng-7.0.0.jar:?]
	at org.testng.internal.TestInvoker$MethodInvocationAgent.invoke(TestInvoker.java:804) ~[testng-7.0.0.jar:?]
	at org.testng.internal.TestInvoker.invokeTestMethods(TestInvoker.java:145) ~[testng-7.0.0.jar:?]
	at org.testng.internal.TestMethodWorker.invokeTestMethods(TestMethodWorker.java:146) ~[testng-7.0.0.jar:?]
	at org.testng.internal.TestMethodWorker.run(TestMethodWorker.java:128) ~[testng-7.0.0.jar:?]
	at java.util.ArrayList.forEach(ArrayList.java:1507) [?:?]
	at org.testng.TestRunner.privateRun(TestRunner.java:770) [testng-7.0.0.jar:?]
	at org.testng.TestRunner.run(TestRunner.java:591) [testng-7.0.0.jar:?]
	at org.testng.SuiteRunner.runTest(SuiteRunner.java:402) [testng-7.0.0.jar:?]
	at org.testng.SuiteRunner.runSequentially(SuiteRunner.java:396) [testng-7.0.0.jar:?]
	at org.testng.SuiteRunner.privateRun(SuiteRunner.java:355) [testng-7.0.0.jar:?]
	at org.testng.SuiteRunner.run(SuiteRunner.java:304) [testng-7.0.0.jar:?]
	at org.testng.SuiteRunnerWorker.runSuite(SuiteRunnerWorker.java:53) [testng-7.0.0.jar:?]
	at org.testng.SuiteRunnerWorker.run(SuiteRunnerWorker.java:96) [testng-7.0.0.jar:?]
	at org.testng.TestNG.runSuitesSequentially(TestNG.java:1180) [testng-7.0.0.jar:?]
	at org.testng.TestNG.runSuitesLocally(TestNG.java:1102) [testng-7.0.0.jar:?]
	at org.testng.TestNG.runSuites(TestNG.java:1032) [testng-7.0.0.jar:?]
	at org.testng.TestNG.run(TestNG.java:1000) [testng-7.0.0.jar:?]
	at com.intellij.rt.testng.IDEARemoteTestNG.run(IDEARemoteTestNG.java:66) [testng-rt.jar:?]
	at com.intellij.rt.testng.RemoteTestNGStarter.main(RemoteTestNGStarter.java:109) [testng-rt.jar:?]
2021-01-29 20:54:32 [main] ERROR com.epam.second.task.logic.RegexStringProcessor - start -1, end 0, length 2
java.lang.StringIndexOutOfBoundsException: start -1, end 0, length 2
	at java.lang.AbstractStringBuilder.checkRangeSIOOBE(AbstractStringBuilder.java:1813) ~[?:?]
	at java.lang.AbstractStringBuilder.replace(AbstractStringBuilder.java:1006) ~[?:?]
	at java.lang.StringBuilder.replace(StringBuilder.java:300) ~[?:?]
	at com.epam.second.task.logic.RegexStringProcessor.replaceSymbol(RegexStringProcessor.java:70) ~[classes/:?]
	at com.epam.second.task.logic.RegexStringProcessor.modifyWord(RegexStringProcessor.java:35) ~[classes/:?]
	at com.epam.second.task.logic.RegexStringProcessor.replaceLetterInWords(RegexStringProcessor.java:21) ~[classes/:?]
	at com.epam.second.task.logic.StringProcessorTest.testReplaceLetterInWordsShouldReplaceWhenPositionIsNegativeReplacementApplied(StringProcessorTest.java:56) ~[test-classes/:?]
	at jdk.internal.reflect.NativeMethodAccessorImpl.invoke0(Native Method) ~[?:?]
	at jdk.internal.reflect.NativeMethodAccessorImpl.invoke(NativeMethodAccessorImpl.java:62) ~[?:?]
	at jdk.internal.reflect.DelegatingMethodAccessorImpl.invoke(DelegatingMethodAccessorImpl.java:43) ~[?:?]
	at java.lang.reflect.Method.invoke(Method.java:567) ~[?:?]
	at org.testng.internal.MethodInvocationHelper.invokeMethod(MethodInvocationHelper.java:133) ~[testng-7.0.0.jar:?]
	at org.testng.internal.TestInvoker.invokeMethod(TestInvoker.java:584) ~[testng-7.0.0.jar:?]
	at org.testng.internal.TestInvoker.invokeTestMethod(TestInvoker.java:172) ~[testng-7.0.0.jar:?]
	at org.testng.internal.MethodRunner.runInSequence(MethodRunner.java:46) ~[testng-7.0.0.jar:?]
	at org.testng.internal.TestInvoker$MethodInvocationAgent.invoke(TestInvoker.java:804) ~[testng-7.0.0.jar:?]
	at org.testng.internal.TestInvoker.invokeTestMethods(TestInvoker.java:145) ~[testng-7.0.0.jar:?]
	at org.testng.internal.TestMethodWorker.invokeTestMethods(TestMethodWorker.java:146) ~[testng-7.0.0.jar:?]
	at org.testng.internal.TestMethodWorker.run(TestMethodWorker.java:128) ~[testng-7.0.0.jar:?]
	at java.util.ArrayList.forEach(ArrayList.java:1507) [?:?]
	at org.testng.TestRunner.privateRun(TestRunner.java:770) [testng-7.0.0.jar:?]
	at org.testng.TestRunner.run(TestRunner.java:591) [testng-7.0.0.jar:?]
	at org.testng.SuiteRunner.runTest(SuiteRunner.java:402) [testng-7.0.0.jar:?]
	at org.testng.SuiteRunner.runSequentially(SuiteRunner.java:396) [testng-7.0.0.jar:?]
	at org.testng.SuiteRunner.privateRun(SuiteRunner.java:355) [testng-7.0.0.jar:?]
	at org.testng.SuiteRunner.run(SuiteRunner.java:304) [testng-7.0.0.jar:?]
	at org.testng.SuiteRunnerWorker.runSuite(SuiteRunnerWorker.java:53) [testng-7.0.0.jar:?]
	at org.testng.SuiteRunnerWorker.run(SuiteRunnerWorker.java:96) [testng-7.0.0.jar:?]
	at org.testng.TestNG.runSuitesSequentially(TestNG.java:1180) [testng-7.0.0.jar:?]
	at org.testng.TestNG.runSuitesLocally(TestNG.java:1102) [testng-7.0.0.jar:?]
	at org.testng.TestNG.runSuites(TestNG.java:1032) [testng-7.0.0.jar:?]
	at org.testng.TestNG.run(TestNG.java:1000) [testng-7.0.0.jar:?]
	at com.intellij.rt.testng.IDEARemoteTestNG.run(IDEARemoteTestNG.java:66) [testng-rt.jar:?]
	at com.intellij.rt.testng.RemoteTestNGStarter.main(RemoteTestNGStarter.java:109) [testng-rt.jar:?]
2021-01-29 20:57:12 [main] ERROR com.epam.second.task.logic.RegexStringProcessor - start -1, end 0, length 2
java.lang.StringIndexOutOfBoundsException: start -1, end 0, length 2
	at java.lang.AbstractStringBuilder.checkRangeSIOOBE(AbstractStringBuilder.java:1813) ~[?:?]
	at java.lang.AbstractStringBuilder.replace(AbstractStringBuilder.java:1006) ~[?:?]
	at java.lang.StringBuilder.replace(StringBuilder.java:300) ~[?:?]
	at com.epam.second.task.logic.RegexStringProcessor.replaceSymbol(RegexStringProcessor.java:70) ~[classes/:?]
	at com.epam.second.task.logic.RegexStringProcessor.modifyWord(RegexStringProcessor.java:35) ~[classes/:?]
	at com.epam.second.task.logic.RegexStringProcessor.replaceLetterInWords(RegexStringProcessor.java:21) ~[classes/:?]
	at com.epam.second.task.logic.StringProcessorTest.testReplaceLetterInWordsShouldReplaceWhenPositionIsNegativeReplacementApplied(StringProcessorTest.java:57) ~[test-classes/:?]
	at jdk.internal.reflect.NativeMethodAccessorImpl.invoke0(Native Method) ~[?:?]
	at jdk.internal.reflect.NativeMethodAccessorImpl.invoke(NativeMethodAccessorImpl.java:62) ~[?:?]
	at jdk.internal.reflect.DelegatingMethodAccessorImpl.invoke(DelegatingMethodAccessorImpl.java:43) ~[?:?]
	at java.lang.reflect.Method.invoke(Method.java:567) ~[?:?]
	at org.testng.internal.MethodInvocationHelper.invokeMethod(MethodInvocationHelper.java:133) ~[testng-7.0.0.jar:?]
	at org.testng.internal.TestInvoker.invokeMethod(TestInvoker.java:584) ~[testng-7.0.0.jar:?]
	at org.testng.internal.TestInvoker.invokeTestMethod(TestInvoker.java:172) ~[testng-7.0.0.jar:?]
	at org.testng.internal.MethodRunner.runInSequence(MethodRunner.java:46) ~[testng-7.0.0.jar:?]
	at org.testng.internal.TestInvoker$MethodInvocationAgent.invoke(TestInvoker.java:804) ~[testng-7.0.0.jar:?]
	at org.testng.internal.TestInvoker.invokeTestMethods(TestInvoker.java:145) ~[testng-7.0.0.jar:?]
	at org.testng.internal.TestMethodWorker.invokeTestMethods(TestMethodWorker.java:146) ~[testng-7.0.0.jar:?]
	at org.testng.internal.TestMethodWorker.run(TestMethodWorker.java:128) ~[testng-7.0.0.jar:?]
	at java.util.ArrayList.forEach(ArrayList.java:1507) [?:?]
	at org.testng.TestRunner.privateRun(TestRunner.java:770) [testng-7.0.0.jar:?]
	at org.testng.TestRunner.run(TestRunner.java:591) [testng-7.0.0.jar:?]
	at org.testng.SuiteRunner.runTest(SuiteRunner.java:402) [testng-7.0.0.jar:?]
	at org.testng.SuiteRunner.runSequentially(SuiteRunner.java:396) [testng-7.0.0.jar:?]
	at org.testng.SuiteRunner.privateRun(SuiteRunner.java:355) [testng-7.0.0.jar:?]
	at org.testng.SuiteRunner.run(SuiteRunner.java:304) [testng-7.0.0.jar:?]
	at org.testng.SuiteRunnerWorker.runSuite(SuiteRunnerWorker.java:53) [testng-7.0.0.jar:?]
	at org.testng.SuiteRunnerWorker.run(SuiteRunnerWorker.java:96) [testng-7.0.0.jar:?]
	at org.testng.TestNG.runSuitesSequentially(TestNG.java:1180) [testng-7.0.0.jar:?]
	at org.testng.TestNG.runSuitesLocally(TestNG.java:1102) [testng-7.0.0.jar:?]
	at org.testng.TestNG.runSuites(TestNG.java:1032) [testng-7.0.0.jar:?]
	at org.testng.TestNG.run(TestNG.java:1000) [testng-7.0.0.jar:?]
	at com.intellij.rt.testng.IDEARemoteTestNG.run(IDEARemoteTestNG.java:66) [testng-rt.jar:?]
	at com.intellij.rt.testng.RemoteTestNGStarter.main(RemoteTestNGStarter.java:109) [testng-rt.jar:?]
2021-01-29 20:57:36 [main] ERROR com.epam.second.task.logic.RegexStringProcessor - start -1, end 0, length 2
java.lang.StringIndexOutOfBoundsException: start -1, end 0, length 2
	at java.lang.AbstractStringBuilder.checkRangeSIOOBE(AbstractStringBuilder.java:1813) ~[?:?]
	at java.lang.AbstractStringBuilder.replace(AbstractStringBuilder.java:1006) ~[?:?]
	at java.lang.StringBuilder.replace(StringBuilder.java:300) ~[?:?]
	at com.epam.second.task.logic.RegexStringProcessor.replaceSymbol(RegexStringProcessor.java:70) ~[classes/:?]
	at com.epam.second.task.logic.RegexStringProcessor.modifyWord(RegexStringProcessor.java:35) ~[classes/:?]
	at com.epam.second.task.logic.RegexStringProcessor.replaceLetterInWords(RegexStringProcessor.java:21) ~[classes/:?]
	at com.epam.second.task.logic.StringProcessorTest.testReplaceLetterInWordsShouldReplaceWhenPositionIsNegativeReplacementApplied(StringProcessorTest.java:57) ~[test-classes/:?]
	at jdk.internal.reflect.NativeMethodAccessorImpl.invoke0(Native Method) ~[?:?]
	at jdk.internal.reflect.NativeMethodAccessorImpl.invoke(NativeMethodAccessorImpl.java:62) ~[?:?]
	at jdk.internal.reflect.DelegatingMethodAccessorImpl.invoke(DelegatingMethodAccessorImpl.java:43) ~[?:?]
	at java.lang.reflect.Method.invoke(Method.java:567) ~[?:?]
	at org.testng.internal.MethodInvocationHelper.invokeMethod(MethodInvocationHelper.java:133) ~[testng-7.0.0.jar:?]
	at org.testng.internal.TestInvoker.invokeMethod(TestInvoker.java:584) ~[testng-7.0.0.jar:?]
	at org.testng.internal.TestInvoker.invokeTestMethod(TestInvoker.java:172) ~[testng-7.0.0.jar:?]
	at org.testng.internal.MethodRunner.runInSequence(MethodRunner.java:46) ~[testng-7.0.0.jar:?]
	at org.testng.internal.TestInvoker$MethodInvocationAgent.invoke(TestInvoker.java:804) ~[testng-7.0.0.jar:?]
	at org.testng.internal.TestInvoker.invokeTestMethods(TestInvoker.java:145) ~[testng-7.0.0.jar:?]
	at org.testng.internal.TestMethodWorker.invokeTestMethods(TestMethodWorker.java:146) ~[testng-7.0.0.jar:?]
	at org.testng.internal.TestMethodWorker.run(TestMethodWorker.java:128) ~[testng-7.0.0.jar:?]
	at java.util.ArrayList.forEach(ArrayList.java:1507) [?:?]
	at org.testng.TestRunner.privateRun(TestRunner.java:770) [testng-7.0.0.jar:?]
	at org.testng.TestRunner.run(TestRunner.java:591) [testng-7.0.0.jar:?]
	at org.testng.SuiteRunner.runTest(SuiteRunner.java:402) [testng-7.0.0.jar:?]
	at org.testng.SuiteRunner.runSequentially(SuiteRunner.java:396) [testng-7.0.0.jar:?]
	at org.testng.SuiteRunner.privateRun(SuiteRunner.java:355) [testng-7.0.0.jar:?]
	at org.testng.SuiteRunner.run(SuiteRunner.java:304) [testng-7.0.0.jar:?]
	at org.testng.SuiteRunnerWorker.runSuite(SuiteRunnerWorker.java:53) [testng-7.0.0.jar:?]
	at org.testng.SuiteRunnerWorker.run(SuiteRunnerWorker.java:96) [testng-7.0.0.jar:?]
	at org.testng.TestNG.runSuitesSequentially(TestNG.java:1180) [testng-7.0.0.jar:?]
	at org.testng.TestNG.runSuitesLocally(TestNG.java:1102) [testng-7.0.0.jar:?]
	at org.testng.TestNG.runSuites(TestNG.java:1032) [testng-7.0.0.jar:?]
	at org.testng.TestNG.run(TestNG.java:1000) [testng-7.0.0.jar:?]
	at com.intellij.rt.testng.IDEARemoteTestNG.run(IDEARemoteTestNG.java:66) [testng-rt.jar:?]
	at com.intellij.rt.testng.RemoteTestNGStarter.main(RemoteTestNGStarter.java:109) [testng-rt.jar:?]
2021-01-29 20:58:26 [main] ERROR com.epam.second.task.logic.CharArrayStringProcessor - Wrong position for replacing symbols
com.epam.second.task.logic.WrongSymbolPositionException: Wrong position for replacing symbols
	at com.epam.second.task.logic.CharArrayStringProcessor.checkPosition(CharArrayStringProcessor.java:30) ~[classes/:?]
	at com.epam.second.task.logic.CharArrayStringProcessor.replaceLetterInWords(CharArrayStringProcessor.java:13) ~[classes/:?]
	at com.epam.second.task.logic.StringProcessorTest.testReplaceLetterInWordsShouldReplaceWhenPositionIsNegativeReplacementApplied(StringProcessorTest.java:57) ~[test-classes/:?]
	at jdk.internal.reflect.NativeMethodAccessorImpl.invoke0(Native Method) ~[?:?]
	at jdk.internal.reflect.NativeMethodAccessorImpl.invoke(NativeMethodAccessorImpl.java:62) ~[?:?]
	at jdk.internal.reflect.DelegatingMethodAccessorImpl.invoke(DelegatingMethodAccessorImpl.java:43) ~[?:?]
	at java.lang.reflect.Method.invoke(Method.java:567) ~[?:?]
	at org.testng.internal.MethodInvocationHelper.invokeMethod(MethodInvocationHelper.java:133) ~[testng-7.0.0.jar:?]
	at org.testng.internal.TestInvoker.invokeMethod(TestInvoker.java:584) ~[testng-7.0.0.jar:?]
	at org.testng.internal.TestInvoker.invokeTestMethod(TestInvoker.java:172) ~[testng-7.0.0.jar:?]
	at org.testng.internal.MethodRunner.runInSequence(MethodRunner.java:46) ~[testng-7.0.0.jar:?]
	at org.testng.internal.TestInvoker$MethodInvocationAgent.invoke(TestInvoker.java:804) ~[testng-7.0.0.jar:?]
	at org.testng.internal.TestInvoker.invokeTestMethods(TestInvoker.java:145) ~[testng-7.0.0.jar:?]
	at org.testng.internal.TestMethodWorker.invokeTestMethods(TestMethodWorker.java:146) ~[testng-7.0.0.jar:?]
	at org.testng.internal.TestMethodWorker.run(TestMethodWorker.java:128) ~[testng-7.0.0.jar:?]
	at java.util.ArrayList.forEach(ArrayList.java:1507) [?:?]
	at org.testng.TestRunner.privateRun(TestRunner.java:770) [testng-7.0.0.jar:?]
	at org.testng.TestRunner.run(TestRunner.java:591) [testng-7.0.0.jar:?]
	at org.testng.SuiteRunner.runTest(SuiteRunner.java:402) [testng-7.0.0.jar:?]
	at org.testng.SuiteRunner.runSequentially(SuiteRunner.java:396) [testng-7.0.0.jar:?]
	at org.testng.SuiteRunner.privateRun(SuiteRunner.java:355) [testng-7.0.0.jar:?]
	at org.testng.SuiteRunner.run(SuiteRunner.java:304) [testng-7.0.0.jar:?]
	at org.testng.SuiteRunnerWorker.runSuite(SuiteRunnerWorker.java:53) [testng-7.0.0.jar:?]
	at org.testng.SuiteRunnerWorker.run(SuiteRunnerWorker.java:96) [testng-7.0.0.jar:?]
	at org.testng.TestNG.runSuitesSequentially(TestNG.java:1180) [testng-7.0.0.jar:?]
	at org.testng.TestNG.runSuitesLocally(TestNG.java:1102) [testng-7.0.0.jar:?]
	at org.testng.TestNG.runSuites(TestNG.java:1032) [testng-7.0.0.jar:?]
	at org.testng.TestNG.run(TestNG.java:1000) [testng-7.0.0.jar:?]
	at com.intellij.rt.testng.IDEARemoteTestNG.run(IDEARemoteTestNG.java:66) [testng-rt.jar:?]
	at com.intellij.rt.testng.RemoteTestNGStarter.main(RemoteTestNGStarter.java:109) [testng-rt.jar:?]
2021-01-29 20:58:32 [main] ERROR com.epam.second.task.logic.RegexStringProcessor - start -1, end 0, length 2
java.lang.StringIndexOutOfBoundsException: start -1, end 0, length 2
	at java.lang.AbstractStringBuilder.checkRangeSIOOBE(AbstractStringBuilder.java:1813) ~[?:?]
	at java.lang.AbstractStringBuilder.replace(AbstractStringBuilder.java:1006) ~[?:?]
	at java.lang.StringBuilder.replace(StringBuilder.java:300) ~[?:?]
	at com.epam.second.task.logic.RegexStringProcessor.replaceSymbol(RegexStringProcessor.java:70) ~[classes/:?]
	at com.epam.second.task.logic.RegexStringProcessor.modifyWord(RegexStringProcessor.java:35) ~[classes/:?]
	at com.epam.second.task.logic.RegexStringProcessor.replaceLetterInWords(RegexStringProcessor.java:21) ~[classes/:?]
	at com.epam.second.task.logic.StringProcessorTest.testReplaceLetterInWordsShouldReplaceWhenPositionIsNegativeReplacementApplied(StringProcessorTest.java:57) ~[test-classes/:?]
	at jdk.internal.reflect.NativeMethodAccessorImpl.invoke0(Native Method) ~[?:?]
	at jdk.internal.reflect.NativeMethodAccessorImpl.invoke(NativeMethodAccessorImpl.java:62) ~[?:?]
	at jdk.internal.reflect.DelegatingMethodAccessorImpl.invoke(DelegatingMethodAccessorImpl.java:43) ~[?:?]
	at java.lang.reflect.Method.invoke(Method.java:567) ~[?:?]
	at org.testng.internal.MethodInvocationHelper.invokeMethod(MethodInvocationHelper.java:133) ~[testng-7.0.0.jar:?]
	at org.testng.internal.TestInvoker.invokeMethod(TestInvoker.java:584) ~[testng-7.0.0.jar:?]
	at org.testng.internal.TestInvoker.invokeTestMethod(TestInvoker.java:172) ~[testng-7.0.0.jar:?]
	at org.testng.internal.MethodRunner.runInSequence(MethodRunner.java:46) ~[testng-7.0.0.jar:?]
	at org.testng.internal.TestInvoker$MethodInvocationAgent.invoke(TestInvoker.java:804) ~[testng-7.0.0.jar:?]
	at org.testng.internal.TestInvoker.invokeTestMethods(TestInvoker.java:145) ~[testng-7.0.0.jar:?]
	at org.testng.internal.TestMethodWorker.invokeTestMethods(TestMethodWorker.java:146) ~[testng-7.0.0.jar:?]
	at org.testng.internal.TestMethodWorker.run(TestMethodWorker.java:128) ~[testng-7.0.0.jar:?]
	at java.util.ArrayList.forEach(ArrayList.java:1507) [?:?]
	at org.testng.TestRunner.privateRun(TestRunner.java:770) [testng-7.0.0.jar:?]
	at org.testng.TestRunner.run(TestRunner.java:591) [testng-7.0.0.jar:?]
	at org.testng.SuiteRunner.runTest(SuiteRunner.java:402) [testng-7.0.0.jar:?]
	at org.testng.SuiteRunner.runSequentially(SuiteRunner.java:396) [testng-7.0.0.jar:?]
	at org.testng.SuiteRunner.privateRun(SuiteRunner.java:355) [testng-7.0.0.jar:?]
	at org.testng.SuiteRunner.run(SuiteRunner.java:304) [testng-7.0.0.jar:?]
	at org.testng.SuiteRunnerWorker.runSuite(SuiteRunnerWorker.java:53) [testng-7.0.0.jar:?]
	at org.testng.SuiteRunnerWorker.run(SuiteRunnerWorker.java:96) [testng-7.0.0.jar:?]
	at org.testng.TestNG.runSuitesSequentially(TestNG.java:1180) [testng-7.0.0.jar:?]
	at org.testng.TestNG.runSuitesLocally(TestNG.java:1102) [testng-7.0.0.jar:?]
	at org.testng.TestNG.runSuites(TestNG.java:1032) [testng-7.0.0.jar:?]
	at org.testng.TestNG.run(TestNG.java:1000) [testng-7.0.0.jar:?]
	at com.intellij.rt.testng.IDEARemoteTestNG.run(IDEARemoteTestNG.java:66) [testng-rt.jar:?]
	at com.intellij.rt.testng.RemoteTestNGStarter.main(RemoteTestNGStarter.java:109) [testng-rt.jar:?]
